[LOG] System::create                           : Header version = 2.00.09. Current version = 2.00.09.
[LOG] Manager::init                            : maxchannels = 256 studioflags = 00000006 flags 00000000 extradriverdata 0000000000000000.
[LOG] SystemI::init                            : Initialize version=20009 (109255), maxchannels=256, flags=0x00020000
[LOG] SystemI::setOutputInternal               : Setting output to 'FMOD WASAPI Output'
[LOG] OutputWASAPI::init                       : Mix Format (WAVEFORMATEX): wFormatTag=0xFFFE, nChannels=2, nSamplesPerSec=44100, nAvgBytesPerSec=352800, nBlockAlign=8, wBitsPerSample=32, cbSize=22.
[LOG] OutputWASAPI::init                       : Mix Format (WAVEFORMATEXTENSIBLE): wValidBitsPerSample=32, dwChannelMask=0x00000003, SubFormat=00000003-0000-0010-8000-00AA00389B71.
[LOG] OutputWASAPI::init                       : Output buffer size: 3760 samples, latency: 0.00ms, period: 10.00ms, DSP buffer: 1024 * 4
[WRN] SystemI::init                            : Output requires a sample rate of 44100Hz, resampling will occur.
[LOG] Thread::initThread                       : Init FMOD stream thread. Priority: 2, Stack Size: 98304, Semaphore: No, Sleep Time: 10, Looping: Yes.
[LOG] Thread::initThread                       : Init FMOD mixer thread. Priority: 3, Stack Size: 81920, Semaphore: No, Sleep Time: 0, Looping: Yes.
[LOG] AsyncManager::init                       : manager 000001E12D07F898 isAsync 0 updatePeriod 0.02
[LOG] AsyncManager::init                       : done
[LOG] PlaybackSystem::init                     : 
[LOG] Thread::initThread                       : Init FMOD Studio sample load thread. Priority: 0, Stack Size: 98304, Semaphore: No, Sleep Time: 1, Looping: No.
[LOG] PlaybackSystem::init                     : done
[LOG] Thread::initThread                       : Init FMOD Studio bank load thread. Priority: 0, Stack Size: 98304, Semaphore: No, Sleep Time: 1, Looping: No.
[LOG] Manager::init                            : done.
[LOG] Manager::readBank                        : fileversion = 125, compatVersion = 119 (oldest = 44, newest = 125)
[LOG] Manager::readBank                        : fileversion = 125, compatVersion = 119 (oldest = 44, newest = 125)
[LOG] Manager::readBank                        : fileversion = 125, compatVersion = 119 (oldest = 44, newest = 125)
[LOG] Manager::readBank                        : fileversion = 125, compatVersion = 119 (oldest = 44, newest = 125)
[LOG] Manager::readBank                        : fileversion = 125, compatVersion = 119 (oldest = 44, newest = 125)
[LOG] Manager::readBank                        : fileversion = 125, compatVersion = 119 (oldest = 44, newest = 125)
[LOG] PlaybackSystem::acquireMasterBus         : Setting master channel group format to 6
[LOG] Thread::callback                         : FMOD mixer thread finished.
[LOG] OutputWASAPI::init                       : Mix Format (WAVEFORMATEX): wFormatTag=0xFFFE, nChannels=2, nSamplesPerSec=48000, nAvgBytesPerSec=384000, nBlockAlign=8, wBitsPerSample=32, cbSize=22.
[LOG] OutputWASAPI::init                       : Mix Format (WAVEFORMATEXTENSIBLE): wValidBitsPerSample=32, dwChannelMask=0x00000003, SubFormat=00000003-0000-0010-8000-00AA00389B71.
[LOG] OutputWASAPI::init                       : Output buffer size: 4096 samples, latency: 0.00ms, period: 10.00ms, DSP buffer: 1024 * 4
[LOG] Thread::initThread                       : Init FMOD mixer thread. Priority: 3, Stack Size: 81920, Semaphore: No, Sleep Time: 0, Looping: Yes.
[ERR] OutputWASAPI::mixerThread                : GetCurrentPadding returned 0x88890004.  Device was unplugged!
[ERR] OutputWASAPI::mixerThread                : GetCurrentPadding returned 0x88890004.  Device was unplugged!
[LOG] Thread::callback                         : FMOD mixer thread finished.
[LOG] OutputWASAPI::init                       : Mix Format (WAVEFORMATEX): wFormatTag=0xFFFE, nChannels=2, nSamplesPerSec=44100, nAvgBytesPerSec=352800, nBlockAlign=8, wBitsPerSample=32, cbSize=22.
[LOG] OutputWASAPI::init                       : Mix Format (WAVEFORMATEXTENSIBLE): wValidBitsPerSample=32, dwChannelMask=0x00000003, SubFormat=00000003-0000-0010-8000-00AA00389B71.
[LOG] OutputWASAPI::init                       : Output buffer size: 3760 samples, latency: 0.00ms, period: 10.00ms, DSP buffer: 1024 * 4
[WRN] SystemI::startDriver                     : Output requires a sample rate of 44100Hz, resampling will occur.
[LOG] Thread::initThread                       : Init FMOD mixer thread. Priority: 3, Stack Size: 81920, Semaphore: No, Sleep Time: 0, Looping: Yes.
[LOG] Manager::readBank                        : fileversion = 125, compatVersion = 119 (oldest = 44, newest = 125)
[LOG] PlaybackSystem::acquireMasterBus         : Setting master channel group format to 6
[LOG] SystemI::createSound                     : filename = ../ims2/Build/Desktop/Master.bank : mode 02010082
[LOG] SystemI::createSound                     : FMOD_NONBLOCKING specified.  Putting into queue to be opened asynchronously!
[LOG] Thread::initThread                       : Init FMOD nonblocking thread (0). Priority: 1, Stack Size: 114688, Semaphore: Yes, Sleep Time: 0, Looping: Yes.
[LOG] SystemI::createSound                     : setdata soundi = 000001E177059238 : node = 000001E1340E3150
[LOG] SystemI::createSound                     : add node to async list : head = 000001E17D1BE118.  list count = 0
[LOG] AsyncThread::threadFunc                  : Starting Asynchronous operation on sound 000001E177059238
[LOG] SystemI::createSoundInternal             :     Create name='../ims2/Build/Desktop/Master.bank', mode=0x02010082
[LOG] SystemI::createSoundInternal             :     exinfo->cbsize             = 224
[LOG] SystemI::createSoundInternal             :     exinfo->length             = 20511488
[LOG] SystemI::createSoundInternal             :     exinfo->fileoffset         = 9376
[LOG] SystemI::createSoundInternal             :     exinfo->numsubsounds       = 1
[LOG] SystemI::createSoundInternal             :     exinfo->inclusionlist      = 000001E1340E3260
[LOG] SystemI::createSoundInternal             :     exinfo->inclusionlistnum   = 1
[LOG] SystemI::createSoundInternal             :     exinfo->suggestedsoundtype = 5
[LOG] SystemI::createSoundInternal             :     exinfo->initialseekpostype = 1
[LOG] SystemI::createSound                     :     filename = ../ims2/Build/Desktop/Master.bank : mode 02010082
[LOG] SystemI::createSound                     :     FMOD_NONBLOCKING specified.  Putting into queue to be opened asynchronously!
[LOG] SystemI::createSound                     :     setdata soundi = 000001E0CCA2A838 : node = 000001E1340E3B50
[LOG] SystemI::createSound                     :     add node to async list : head = 000001E17D1BE118.  list count = 0
[LOG] SystemI::createSound                     :     filename = ../ims2/Build/Desktop/Master.bank : mode 02010082
[LOG] SystemI::createSound                     :     FMOD_NONBLOCKING specified.  Putting into queue to be opened asynchronously!
[LOG] SystemI::createSound                     :     setdata soundi = 000001E0CC8AA318 : node = 000001E133FE5C20
[LOG] SystemI::createSound                     :     add node to async list : head = 000001E17D1BE118.  list count = 1
[LOG] SystemI::createSound                     :     filename = ../ims2/Build/Desktop/Master.bank : mode 02010082
[LOG] SystemI::createSound                     :     FMOD_NONBLOCKING specified.  Putting into queue to be opened asynchronously!
[LOG] SystemI::createSound                     :     setdata soundi = 000001E0CC8AB248 : node = 000001E133FE5EA0
[LOG] SystemI::createSound                     :     add node to async list : head = 000001E17D1BE118.  list count = 2
[LOG] SystemI::createSoundInternal             :     Stream 0/1: name='4 - french horn', format=2, channels=2, frequency=48000, lengthbytes=1413344, lengthpcm=6001057, pcmblocksize=0, loopstart=0, loopend=0, mode=0x00000000, channelmask=0x00000000, channelorder=0, peakvolume=0.475861.
[LOG] Thread::initThread                       :     Init FMOD file thread. Priority: 1, Stack Size: 49152, Semaphore: No, Sleep Time: 10, Looping: Yes.
[LOG] AsyncThread::threadFunc                  : Finished Asynchronous operation on sound 000001E177059238
[LOG] AsyncThread::threadFunc                  : Starting Asynchronous operation on sound 000001E0CCA2A838
[LOG] SystemI::createSoundInternal             :     Create name='../ims2/Build/Desktop/Master.bank', mode=0x02010082
[LOG] SystemI::createSoundInternal             :     exinfo->cbsize             = 224
[LOG] SystemI::createSoundInternal             :     exinfo->length             = 20511488
[LOG] SystemI::createSoundInternal             :     exinfo->fileoffset         = 9376
[LOG] SystemI::createSoundInternal             :     exinfo->numsubsounds       = 1
[LOG] SystemI::createSoundInternal             :     exinfo->inclusionlist      = 000001E1340E3C60
[LOG] SystemI::createSoundInternal             :     exinfo->inclusionlistnum   = 1
[LOG] SystemI::createSoundInternal             :     exinfo->suggestedsoundtype = 5
[LOG] SystemI::createSoundInternal             :     exinfo->initialseekpostype = 1
[LOG] SystemI::createSoundInternal             :     Stream 0/1: name='2 - sax', format=2, channels=2, frequency=48000, lengthbytes=1499840, lengthpcm=6001057, pcmblocksize=0, loopstart=0, loopend=0, mode=0x00000000, channelmask=0x00000000, channelorder=0, peakvolume=0.286072.
[LOG] SoundI::getSubSound                      :     sound 000001E177059238.  Subsound index 0 / 1
[LOG] AsyncThread::threadFunc                  : Finished Asynchronous operation on sound 000001E0CCA2A838
[LOG] AsyncThread::threadFunc                  : Starting Asynchronous operation on sound 000001E0CC8AA318
[LOG] SystemI::createSoundInternal             :     Create name='../ims2/Build/Desktop/Master.bank', mode=0x02010082
[LOG] SystemI::createSoundInternal             :     exinfo->cbsize             = 224
[LOG] SystemI::createSoundInternal             :     exinfo->length             = 20511488
[LOG] SystemI::createSoundInternal             :     exinfo->fileoffset         = 9376
[LOG] SystemI::createSoundInternal             :     exinfo->numsubsounds       = 1
[LOG] SystemI::createSoundInternal             :     exinfo->inclusionlist      = 000001E133FE5D30
[LOG] SystemI::createSoundInternal             :     exinfo->inclusionlistnum   = 1
[LOG] SystemI::createSoundInternal             :     exinfo->suggestedsoundtype = 5
[LOG] SystemI::createSoundInternal             :     exinfo->initialseekpostype = 1
[LOG] SystemI::createSoundInternal             :     Stream 0/1: name='1 - flute', format=2, channels=2, frequency=48000, lengthbytes=1373504, lengthpcm=6001057, pcmblocksize=0, loopstart=0, loopend=0, mode=0x00000000, channelmask=0x00000000, channelorder=0, peakvolume=0.223877.
[LOG] SoundI::getSubSound                      :     sound 000001E0CCA2A838.  Subsound index 0 / 1
[LOG] AsyncThread::threadFunc                  : Finished Asynchronous operation on sound 000001E0CC8AA318
[LOG] AsyncThread::threadFunc                  : Starting Asynchronous operation on sound 000001E0CC8AB248
[LOG] SystemI::createSoundInternal             :     Create name='../ims2/Build/Desktop/Master.bank', mode=0x02010082
[LOG] SystemI::createSoundInternal             :     exinfo->cbsize             = 224
[LOG] SystemI::createSoundInternal             :     exinfo->length             = 20511488
[LOG] SystemI::createSoundInternal             :     exinfo->fileoffset         = 9376
[LOG] SystemI::createSoundInternal             :     exinfo->numsubsounds       = 1
[LOG] SystemI::createSoundInternal             :     exinfo->inclusionlist      = 000001E133FE5FB0
[LOG] SystemI::createSoundInternal             :     exinfo->inclusionlistnum   = 1
[LOG] SystemI::createSoundInternal             :     exinfo->suggestedsoundtype = 5
[LOG] SystemI::createSoundInternal             :     exinfo->initialseekpostype = 1
[LOG] SystemI::createSoundInternal             :     Stream 0/1: name='3 - clarinet', format=2, channels=2, frequency=48000, lengthbytes=1383104, lengthpcm=6001057, pcmblocksize=0, loopstart=0, loopend=0, mode=0x00000000, channelmask=0x00000000, channelorder=0, peakvolume=0.078094.
[LOG] AsyncThread::threadFunc                  : Finished Asynchronous operation on sound 000001E0CC8AB248
[LOG] SoundI::getSubSound                      : sound 000001E0CC8AA318.  Subsound index 0 / 1
[LOG] SoundI::getSubSound                      : sound 000001E0CC8AB248.  Subsound index 0 / 1
[LOG] SystemI::createSound                     : filename = ../ims2/Build/Desktop/Master.bank : mode 02010082
[LOG] SystemI::createSound                     : FMOD_NONBLOCKING specified.  Putting into queue to be opened asynchronously!
[LOG] SystemI::createSound                     : setdata soundi = 000001E0CC8AAEE8 : node = 000001E17705AFB0
[LOG] SystemI::createSound                     : add node to async list : head = 000001E17D1BE118.  list count = 0
[LOG] SystemI::createSound                     : filename = ../ims2/Build/Desktop/Master.bank : mode 02010082
[LOG] AsyncThread::threadFunc                  : Starting Asynchronous operation on sound 000001E0CC8AAEE8
[LOG] SystemI::createSound                     : FMOD_NONBLOCKING specified.  Putting into queue to be opened asynchronously!
[LOG] SystemI::createSoundInternal             :     Create name='../ims2/Build/Desktop/Master.bank', mode=0x02010082
[LOG] SystemI::createSound                     :     setdata soundi = 000001E0CC8A9AA8 : node = 000001E177B2FD40
[LOG] SystemI::createSoundInternal             :     exinfo->cbsize             = 224
[LOG] SystemI::createSound                     :     add node to async list : head = 000001E17D1BE118.  list count = 0
[LOG] SystemI::createSoundInternal             :     exinfo->length             = 20511488
[LOG] SystemI::createSoundInternal             :     exinfo->fileoffset         = 9376
[LOG] SystemI::createSound                     :     filename = ../ims2/Build/Desktop/Master.bank : mode 02010082
[LOG] SystemI::createSoundInternal             :     exinfo->numsubsounds       = 1
[LOG] SystemI::createSound                     :     FMOD_NONBLOCKING specified.  Putting into queue to be opened asynchronously!
[LOG] SystemI::createSoundInternal             :     exinfo->inclusionlist      = 000001E17705B0C0
[LOG] SystemI::createSound                     :     setdata soundi = 000001E0CC8AA828 : node = 000001E177B2FAC0
[LOG] SystemI::createSoundInternal             :     exinfo->inclusionlistnum   = 1
[LOG] SystemI::createSound                     :     add node to async list : head = 000001E17D1BE118.  list count = 1
[LOG] SystemI::createSoundInternal             :     exinfo->suggestedsoundtype = 5
[LOG] SystemI::createSoundInternal             :     exinfo->initialseekpostype = 1
[LOG] SystemI::createSound                     :     filename = ../ims2/Build/Desktop/Master.bank : mode 02010082
[LOG] SystemI::createSound                     :     FMOD_NONBLOCKING specified.  Putting into queue to be opened asynchronously!
[LOG] SystemI::createSound                     :     setdata soundi = 000001E0CC8A9E08 : node = 000001E177B2FE80
[LOG] SystemI::createSound                     :     add node to async list : head = 000001E17D1BE118.  list count = 2
[LOG] SystemI::createSoundInternal             :     Stream 0/1: name='4 - french horn', format=2, channels=2, frequency=48000, lengthbytes=1413344, lengthpcm=6001057, pcmblocksize=0, loopstart=0, loopend=0, mode=0x00000000, channelmask=0x00000000, channelorder=0, peakvolume=0.475861.
[LOG] AsyncThread::threadFunc                  : Finished Asynchronous operation on sound 000001E0CC8AAEE8
[LOG] AsyncThread::threadFunc                  : Starting Asynchronous operation on sound 000001E0CC8A9AA8
[LOG] SystemI::createSoundInternal             :     Create name='../ims2/Build/Desktop/Master.bank', mode=0x02010082
[LOG] SystemI::createSoundInternal             :     exinfo->cbsize             = 224
[LOG] SystemI::createSoundInternal             :     exinfo->length             = 20511488
[LOG] SystemI::createSoundInternal             :     exinfo->fileoffset         = 9376
[LOG] SystemI::createSoundInternal             :     exinfo->numsubsounds       = 1
[LOG] SystemI::createSoundInternal             :     exinfo->inclusionlist      = 000001E177B2FE50
[LOG] SystemI::createSoundInternal             :     exinfo->inclusionlistnum   = 1
[LOG] SystemI::createSoundInternal             :     exinfo->suggestedsoundtype = 5
[LOG] SystemI::createSoundInternal             :     exinfo->initialseekpostype = 1
[LOG] SystemI::createSoundInternal             :     Stream 0/1: name='2 - sax', format=2, channels=2, frequency=48000, lengthbytes=1499840, lengthpcm=6001057, pcmblocksize=0, loopstart=0, loopend=0, mode=0x00000000, channelmask=0x00000000, channelorder=0, peakvolume=0.286072.
[LOG] AsyncThread::threadFunc                  : Finished Asynchronous operation on sound 000001E0CC8A9AA8
[LOG] AsyncThread::threadFunc                  : Starting Asynchronous operation on sound 000001E0CC8AA828
[LOG] SystemI::createSoundInternal             :     Create name='../ims2/Build/Desktop/Master.bank', mode=0x02010082
[LOG] SystemI::createSoundInternal             :     exinfo->cbsize             = 224
[LOG] SystemI::createSoundInternal             :     exinfo->length             = 20511488
[LOG] SystemI::createSoundInternal             :     exinfo->fileoffset         = 9376
[LOG] SystemI::createSoundInternal             :     exinfo->numsubsounds       = 1
[LOG] SystemI::createSoundInternal             :     exinfo->inclusionlist      = 000001E177B2FBD0
[LOG] SystemI::createSoundInternal             :     exinfo->inclusionlistnum   = 1
[LOG] SystemI::createSoundInternal             :     exinfo->suggestedsoundtype = 5
[LOG] SystemI::createSoundInternal             :     exinfo->initialseekpostype = 1
[LOG] SystemI::createSoundInternal             :     Stream 0/1: name='1 - flute', format=2, channels=2, frequency=48000, lengthbytes=1373504, lengthpcm=6001057, pcmblocksize=0, loopstart=0, loopend=0, mode=0x00000000, channelmask=0x00000000, channelorder=0, peakvolume=0.223877.
[LOG] AsyncThread::threadFunc                  : Finished Asynchronous operation on sound 000001E0CC8AA828
[LOG] AsyncThread::threadFunc                  : Starting Asynchronous operation on sound 000001E0CC8A9E08
[LOG] SystemI::createSoundInternal             :     Create name='../ims2/Build/Desktop/Master.bank', mode=0x02010082
[LOG] SystemI::createSoundInternal             :     exinfo->cbsize             = 224
[LOG] SystemI::createSoundInternal             :     exinfo->length             = 20511488
[LOG] SystemI::createSoundInternal             :     exinfo->fileoffset         = 9376
[LOG] SystemI::createSoundInternal             :     exinfo->numsubsounds       = 1
[LOG] SystemI::createSoundInternal             :     exinfo->inclusionlist      = 000001E177B2FF90
[LOG] SystemI::createSoundInternal             :     exinfo->inclusionlistnum   = 1
[LOG] SystemI::createSoundInternal             :     exinfo->suggestedsoundtype = 5
[LOG] SystemI::createSoundInternal             :     exinfo->initialseekpostype = 1
[LOG] SystemI::createSoundInternal             :     Stream 0/1: name='3 - clarinet', format=2, channels=2, frequency=48000, lengthbytes=1383104, lengthpcm=6001057, pcmblocksize=0, loopstart=0, loopend=0, mode=0x00000000, channelmask=0x00000000, channelorder=0, peakvolume=0.078094.
[LOG] AsyncThread::threadFunc                  : Finished Asynchronous operation on sound 000001E0CC8A9E08
[LOG] SoundI::getSubSound                      : sound 000001E0CC8AAEE8.  Subsound index 0 / 1
[LOG] SoundI::getSubSound                      : sound 000001E0CC8A9AA8.  Subsound index 0 / 1
[LOG] SoundI::getSubSound                      : sound 000001E0CC8AA828.  Subsound index 0 / 1
[LOG] SoundI::getSubSound                      : sound 000001E0CC8A9E08.  Subsound index 0 / 1
[LOG] SoundI::release                          : 3 - clarinet (000001E0CC8AB248)
[LOG] SoundI::release                          :     3 - clarinet (000001E17D1BDAE8)
[LOG] SoundI::release                          :     3 - clarinet (000001E0CC8AA168)
[LOG] SoundI::release                          : 1 - flute (000001E0CC8AA318)
[LOG] SoundI::release                          :     1 - flute (000001E17D1BCAA8)
[LOG] SoundI::release                          :     1 - flute (000001E0CC8A98F8)
[LOG] SoundI::release                          : 2 - sax (000001E0CCA2A838)
[LOG] SoundI::release                          :     2 - sax (000001E17D1BE4A8)
[LOG] SoundI::release                          :     2 - sax (000001E0CC8AB098)
[LOG] SoundI::release                          : 4 - french horn (000001E177059238)
[LOG] SoundI::release                          :     4 - french horn (000001E17D1BFB68)
[LOG] SoundI::release                          :     4 - french horn (000001E0CC8A9598)
